<?xml version="1.0" encoding="UTF-8"?>
<!-- Generated by org.testng.reporters.JUnitXMLReporter -->
<testsuite hostname="DESKTOP-RP5FHGT" ignored="0" name="Default test" tests="4" failures="0" timestamp="20 sty 2017 19:16:00 GMT" time="0.2" errors="0">
  <testcase name="createTable_t_sys_enums" time="0.009" classname="createTable.Test_createTables"/>
  <testcase name="createTable_t_sys_permissions" time="0.002" classname="createTable.Test_createTables"/>
  <testcase name="createTable_t_sys_roles" time="0.002" classname="createTable.Test_createTables"/>
  <testcase name="createTable_t_sys_users" time="0.006" classname="createTable.Test_createTables"/>
</testsuite> <!-- Default test -->
