<?xml version="1.0" encoding="UTF-8"?>
<!-- Generated by org.testng.reporters.JUnitXMLReporter -->
<testsuite hostname="DESKTOP-RP5FHGT" name="Command line test" tests="7" failures="0" timestamp="20 Jan 2017 20:17:14 GMT" time="0.809" errors="0">
  <testcase name="createTable_t_sys_enums" time="0.003" classname="createTable.Test_createTables"/>
  <testcase name="createTable_t_sys_permissions" time="0.002" classname="createTable.Test_createTables"/>
  <testcase name="createTable_t_sys_roles" time="0.002" classname="createTable.Test_createTables"/>
  <testcase name="createTable_t_sys_users" time="0.002" classname="createTable.Test_createTables"/>
  <testcase name="test" time="0.109" classname="mapperTests.UserMapperTest"/>
  <testcase name="catalogTEst" time="0.272" classname="crudTests.UserRepositoryCRUDTest"/>
  <testcase name="testAdd" time="0.122" classname="crudTests.UserRepositoryCRUDTest"/>
</testsuite> <!-- Command line test -->
