<?xml version="1.0" encoding="UTF-8"?>
<testng-results skipped="0" failed="0" total="7" passed="7">
  <reporter-output>
  </reporter-output>
  <suite name="Command line suite" duration-ms="809" started-at="2017-01-20T20:17:13Z" finished-at="2017-01-20T20:17:14Z">
    <groups>
    </groups>
    <test name="Command line test" duration-ms="809" started-at="2017-01-20T20:17:13Z" finished-at="2017-01-20T20:17:14Z">
      <class name="crudTests.UserRepositoryCRUDTest">
        <test-method status="PASS" signature="before()[pri:0, instance:crudTests.UserRepositoryCRUDTest@5cc7c2a6]" name="before" is-config="true" duration-ms="166" started-at="2017-01-20T21:17:13Z" finished-at="2017-01-20T21:17:13Z">
          <reporter-output>
          </reporter-output>
        </test-method> <!-- before -->
        <test-method status="PASS" signature="catalogTEst()[pri:0, instance:crudTests.UserRepositoryCRUDTest@5cc7c2a6]" name="catalogTEst" duration-ms="272" started-at="2017-01-20T21:17:13Z" finished-at="2017-01-20T21:17:14Z">
          <reporter-output>
          </reporter-output>
        </test-method> <!-- catalogTEst -->
        <test-method status="PASS" signature="testAdd()[pri:0, instance:crudTests.UserRepositoryCRUDTest@5cc7c2a6]" name="testAdd" duration-ms="122" started-at="2017-01-20T21:17:14Z" finished-at="2017-01-20T21:17:14Z">
          <reporter-output>
          </reporter-output>
        </test-method> <!-- testAdd -->
      </class> <!-- crudTests.UserRepositoryCRUDTest -->
      <class name="mapperTests.UserMapperTest">
        <test-method status="PASS" signature="test()[pri:0, instance:mapperTests.UserMapperTest@5ae9a829]" name="test" duration-ms="109" started-at="2017-01-20T21:17:13Z" finished-at="2017-01-20T21:17:13Z">
          <reporter-output>
          </reporter-output>
        </test-method> <!-- test -->
      </class> <!-- mapperTests.UserMapperTest -->
      <class name="createTable.Test_createTables">
        <test-method status="PASS" signature="connectDBBeforeTests()[pri:0, instance:createTable.Test_createTables@5c3bd550]" name="connectDBBeforeTests" is-config="true" duration-ms="108" started-at="2017-01-20T21:17:13Z" finished-at="2017-01-20T21:17:13Z">
          <reporter-output>
          </reporter-output>
        </test-method> <!-- connectDBBeforeTests -->
        <test-method status="PASS" signature="createTable_t_sys_enums()[pri:0, instance:createTable.Test_createTables@5c3bd550]" name="createTable_t_sys_enums" duration-ms="3" started-at="2017-01-20T21:17:13Z" finished-at="2017-01-20T21:17:13Z">
          <reporter-output>
          </reporter-output>
        </test-method> <!-- createTable_t_sys_enums -->
        <test-method status="PASS" signature="createTable_t_sys_permissions()[pri:0, instance:createTable.Test_createTables@5c3bd550]" name="createTable_t_sys_permissions" duration-ms="2" started-at="2017-01-20T21:17:13Z" finished-at="2017-01-20T21:17:13Z">
          <reporter-output>
          </reporter-output>
        </test-method> <!-- createTable_t_sys_permissions -->
        <test-method status="PASS" signature="createTable_t_sys_roles()[pri:0, instance:createTable.Test_createTables@5c3bd550]" name="createTable_t_sys_roles" duration-ms="2" started-at="2017-01-20T21:17:13Z" finished-at="2017-01-20T21:17:13Z">
          <reporter-output>
          </reporter-output>
        </test-method> <!-- createTable_t_sys_roles -->
        <test-method status="PASS" signature="createTable_t_sys_users()[pri:0, instance:createTable.Test_createTables@5c3bd550]" name="createTable_t_sys_users" duration-ms="2" started-at="2017-01-20T21:17:13Z" finished-at="2017-01-20T21:17:13Z">
          <reporter-output>
          </reporter-output>
        </test-method> <!-- createTable_t_sys_users -->
      </class> <!-- createTable.Test_createTables -->
    </test> <!-- Command line test -->
  </suite> <!-- Command line suite -->
</testng-results>
